<?xml version="1.0" encoding="UTF-8"?>
<!-- Generated by org.testng.reporters.JUnitXMLReporter -->
<testsuite hostname="Panda" name="Default test" tests="7" failures="0" timestamp="2 Nov 2016 11:48:28 GMT" time="0.097" errors="0">
  <testcase name="testLongPassword" time="0.018" classname="testcode.TestPassword"/>
  <testcase name="testNormalPassword" time="0.003" classname="testcode.TestPassword"/>
  <testcase name="testNormalPassword1" time="0.003" classname="testcode.TestPassword"/>
  <testcase name="testNormalPassword2" time="0.003" classname="testcode.TestPassword"/>
  <testcase name="testNormalPassword3" time="0.003" classname="testcode.TestPassword"/>
  <testcase name="testShortPassword" time="0.009" classname="testcode.TestPassword"/>
  <testcase name="testSpecialPassword" time="0.003" classname="testcode.TestPassword"/>
</testsuite> <!-- Default test -->
