TN:
SF:C:\Users\dang\Desktop\PROJECTS\int3117-2016\DangHaiTrieu\BT2\app.js
FNF:0
FNH:0
DA:3,1
DA:8,1
DA:10,5
DA:16,5
DA:17,2
DA:18,2
DA:19,2
DA:20,1
DA:25,2
DA:30,3
LF:10
LH:10
BRDA:13,1,0,5
BRDA:13,1,1,2
BRDA:14,2,0,5
BRDA:14,2,1,5
BRDA:16,3,0,2
BRDA:16,3,1,3
BRDA:16,4,0,5
BRDA:16,4,1,4
BRDA:16,4,2,3
BRDA:16,4,3,3
BRDA:19,5,0,1
BRDA:19,5,1,1
BRF:12
BRH:12
end_of_record
TN:
SF:C:\Users\dang\Desktop\PROJECTS\int3117-2016\DangHaiTrieu\BT2\bridge.js
FN:2,Bridge
FN:7,(anonymous_2)
FNF:2
FNH:2
FNDA:5,Bridge
FNDA:5,(anonymous_2)
DA:2,1
DA:3,5
DA:4,5
DA:7,1
DA:8,5
LF:5
LH:5
BRF:0
BRH:0
end_of_record
