{"C:\\Users\\Administrator\\Desktop\\int3117-2016\\HoangTungLam\\BT1\\test.js":{"path":"C:\\Users\\Administrator\\Desktop\\int3117-2016\\HoangTungLam\\BT1\\test.js","s":{"1":1,"2":1,"3":1,"4":1,"5":1,"6":1,"7":1,"8":1,"9":1,"10":1,"11":1,"12":1,"13":1,"14":1,"15":1,"16":1,"17":1,"18":1,"19":1,"20":1,"21":1,"22":1,"23":1,"24":1,"25":1,"26":1,"27":1},"b":{},"f":{"1":1,"2":1,"3":1,"4":1,"5":1,"6":1,"7":1,"8":1,"9":1,"10":1,"11":1,"12":1,"13":1,"14":1,"15":1,"16":1,"17":1,"18":1},"fnMap":{"1":{"name":"(anonymous_1)","line":8,"loc":{"start":{"line":8,"column":21},"end":{"line":8,"column":33}}},"2":{"name":"(anonymous_2)","line":9,"loc":{"start":{"line":9,"column":33},"end":{"line":9,"column":45}}},"3":{"name":"(anonymous_3)","line":10,"loc":{"start":{"line":10,"column":93},"end":{"line":10,"column":105}}},"4":{"name":"(anonymous_4)","line":16,"loc":{"start":{"line":16,"column":21},"end":{"line":16,"column":33}}},"5":{"name":"(anonymous_5)","line":17,"loc":{"start":{"line":17,"column":33},"end":{"line":17,"column":45}}},"6":{"name":"(anonymous_6)","line":18,"loc":{"start":{"line":18,"column":51},"end":{"line":18,"column":63}}},"7":{"name":"(anonymous_7)","line":24,"loc":{"start":{"line":24,"column":21},"end":{"line":24,"column":33}}},"8":{"name":"(anonymous_8)","line":25,"loc":{"start":{"line":25,"column":33},"end":{"line":25,"column":45}}},"9":{"name":"(anonymous_9)","line":26,"loc":{"start":{"line":26,"column":74},"end":{"line":26,"column":86}}},"10":{"name":"(anonymous_10)","line":32,"loc":{"start":{"line":32,"column":21},"end":{"line":32,"column":33}}},"11":{"name":"(anonymous_11)","line":33,"loc":{"start":{"line":33,"column":33},"end":{"line":33,"column":45}}},"12":{"name":"(anonymous_12)","line":34,"loc":{"start":{"line":34,"column":63},"end":{"line":34,"column":75}}},"13":{"name":"(anonymous_13)","line":40,"loc":{"start":{"line":40,"column":21},"end":{"line":40,"column":33}}},"14":{"name":"(anonymous_14)","line":41,"loc":{"start":{"line":41,"column":33},"end":{"line":41,"column":45}}},"15":{"name":"(anonymous_15)","line":42,"loc":{"start":{"line":42,"column":59},"end":{"line":42,"column":71}}},"16":{"name":"(anonymous_16)","line":48,"loc":{"start":{"line":48,"column":21},"end":{"line":48,"column":33}}},"17":{"name":"(anonymous_17)","line":49,"loc":{"start":{"line":49,"column":33},"end":{"line":49,"column":45}}},"18":{"name":"(anonymous_18)","line":50,"loc":{"start":{"line":50,"column":59},"end":{"line":50,"column":71}}}},"statementMap":{"1":{"start":{"line":1,"column":0},"end":{"line":1,"column":31}},"2":{"start":{"line":2,"column":0},"end":{"line":2,"column":31}},"3":{"start":{"line":3,"column":0},"end":{"line":5,"column":26}},"4":{"start":{"line":8,"column":0},"end":{"line":14,"column":3}},"5":{"start":{"line":9,"column":4},"end":{"line":13,"column":7}},"6":{"start":{"line":10,"column":8},"end":{"line":12,"column":11}},"7":{"start":{"line":11,"column":12},"end":{"line":11,"column":78}},"8":{"start":{"line":16,"column":0},"end":{"line":22,"column":3}},"9":{"start":{"line":17,"column":4},"end":{"line":21,"column":7}},"10":{"start":{"line":18,"column":8},"end":{"line":20,"column":11}},"11":{"start":{"line":19,"column":12},"end":{"line":19,"column":111}},"12":{"start":{"line":24,"column":0},"end":{"line":30,"column":3}},"13":{"start":{"line":25,"column":4},"end":{"line":29,"column":7}},"14":{"start":{"line":26,"column":8},"end":{"line":28,"column":11}},"15":{"start":{"line":27,"column":12},"end":{"line":27,"column":77}},"16":{"start":{"line":32,"column":0},"end":{"line":38,"column":3}},"17":{"start":{"line":33,"column":4},"end":{"line":37,"column":7}},"18":{"start":{"line":34,"column":8},"end":{"line":36,"column":11}},"19":{"start":{"line":35,"column":12},"end":{"line":35,"column":78}},"20":{"start":{"line":40,"column":0},"end":{"line":46,"column":3}},"21":{"start":{"line":41,"column":4},"end":{"line":45,"column":7}},"22":{"start":{"line":42,"column":8},"end":{"line":44,"column":11}},"23":{"start":{"line":43,"column":12},"end":{"line":43,"column":94}},"24":{"start":{"line":48,"column":0},"end":{"line":54,"column":3}},"25":{"start":{"line":49,"column":4},"end":{"line":53,"column":7}},"26":{"start":{"line":50,"column":8},"end":{"line":52,"column":11}},"27":{"start":{"line":51,"column":12},"end":{"line":51,"column":94}}},"branchMap":{}},"C:\\Users\\Administrator\\Desktop\\int3117-2016\\HoangTungLam\\BT1\\index.js":{"path":"C:\\Users\\Administrator\\Desktop\\int3117-2016\\HoangTungLam\\BT1\\index.js","s":{"1":1,"2":6,"3":1,"4":5,"5":4,"6":1,"7":1,"8":2,"9":1,"10":1,"11":1},"b":{"1":[1,5],"2":[4,1],"3":[5,3],"4":[1,1],"5":[0,1]},"f":{"1":6},"fnMap":{"1":{"name":"(anonymous_1)","line":3,"loc":{"start":{"line":3,"column":21},"end":{"line":3,"column":39}}}},"statementMap":{"1":{"start":{"line":1,"column":0},"end":{"line":21,"column":2}},"2":{"start":{"line":4,"column":8},"end":{"line":19,"column":9}},"3":{"start":{"line":5,"column":12},"end":{"line":5,"column":43}},"4":{"start":{"line":7,"column":13},"end":{"line":19,"column":9}},"5":{"start":{"line":8,"column":12},"end":{"line":8,"column":43}},"6":{"start":{"line":11,"column":12},"end":{"line":11,"column":28}},"7":{"start":{"line":12,"column":12},"end":{"line":17,"column":13}},"8":{"start":{"line":13,"column":16},"end":{"line":16,"column":17}},"9":{"start":{"line":14,"column":20},"end":{"line":14,"column":33}},"10":{"start":{"line":15,"column":20},"end":{"line":15,"column":26}},"11":{"start":{"line":18,"column":12},"end":{"line":18,"column":79}}},"branchMap":{"1":{"line":4,"type":"if","locations":[{"start":{"line":4,"column":8},"end":{"line":4,"column":8}},{"start":{"line":4,"column":8},"end":{"line":4,"column":8}}]},"2":{"line":7,"type":"if","locations":[{"start":{"line":7,"column":13},"end":{"line":7,"column":13}},{"start":{"line":7,"column":13},"end":{"line":7,"column":13}}]},"3":{"line":7,"type":"binary-expr","locations":[{"start":{"line":7,"column":17},"end":{"line":7,"column":28}},{"start":{"line":7,"column":32},"end":{"line":7,"column":59}}]},"4":{"line":13,"type":"if","locations":[{"start":{"line":13,"column":16},"end":{"line":13,"column":16}},{"start":{"line":13,"column":16},"end":{"line":13,"column":16}}]},"5":{"line":18,"type":"cond-expr","locations":[{"start":{"line":18,"column":35},"end":{"line":18,"column":52}},{"start":{"line":18,"column":55},"end":{"line":18,"column":78}}]}}}}