TN:
SF:C:\Users\Administrator\Desktop\int3117-2016\HoangTungLam\BT1\test.js
FN:8,(anonymous_1)
FN:9,(anonymous_2)
FN:10,(anonymous_3)
FN:16,(anonymous_4)
FN:17,(anonymous_5)
FN:18,(anonymous_6)
FN:24,(anonymous_7)
FN:25,(anonymous_8)
FN:26,(anonymous_9)
FN:32,(anonymous_10)
FN:33,(anonymous_11)
FN:34,(anonymous_12)
FN:40,(anonymous_13)
FN:41,(anonymous_14)
FN:42,(anonymous_15)
FN:48,(anonymous_16)
FN:49,(anonymous_17)
FN:50,(anonymous_18)
FNF:18
FNH:18
FNDA:1,(anonymous_1)
FNDA:1,(anonymous_2)
FNDA:1,(anonymous_3)
FNDA:1,(anonymous_4)
FNDA:1,(anonymous_5)
FNDA:1,(anonymous_6)
FNDA:1,(anonymous_7)
FNDA:1,(anonymous_8)
FNDA:1,(anonymous_9)
FNDA:1,(anonymous_10)
FNDA:1,(anonymous_11)
FNDA:1,(anonymous_12)
FNDA:1,(anonymous_13)
FNDA:1,(anonymous_14)
FNDA:1,(anonymous_15)
FNDA:1,(anonymous_16)
FNDA:1,(anonymous_17)
FNDA:1,(anonymous_18)
DA:1,1
DA:2,1
DA:3,1
DA:8,1
DA:9,1
DA:10,1
DA:11,1
DA:16,1
DA:17,1
DA:18,1
DA:19,1
DA:24,1
DA:25,1
DA:26,1
DA:27,1
DA:32,1
DA:33,1
DA:34,1
DA:35,1
DA:40,1
DA:41,1
DA:42,1
DA:43,1
DA:48,1
DA:49,1
DA:50,1
DA:51,1
LF:27
LH:27
BRF:0
BRH:0
end_of_record
TN:
SF:C:\Users\Administrator\Desktop\int3117-2016\HoangTungLam\BT1\index.js
FN:3,(anonymous_1)
FNF:1
FNH:1
FNDA:6,(anonymous_1)
DA:1,1
DA:4,6
DA:5,1
DA:7,5
DA:8,4
DA:11,1
DA:12,1
DA:13,2
DA:14,1
DA:15,1
DA:18,1
LF:11
LH:11
BRDA:4,1,0,1
BRDA:4,1,1,5
BRDA:7,2,0,4
BRDA:7,2,1,1
BRDA:7,3,0,5
BRDA:7,3,1,3
BRDA:13,4,0,1
BRDA:13,4,1,1
BRDA:18,5,0,0
BRDA:18,5,1,1
BRF:10
BRH:9
end_of_record
