<?xml version="1.0" encoding="UTF-8"?>
<testng-results skipped="0" failed="0" total="14" passed="14">
  <reporter-output>
  </reporter-output>
  <suite name="Default suite" duration-ms="216" started-at="2016-10-03T08:14:06Z" finished-at="2016-10-03T08:14:06Z">
    <groups>
    </groups>
    <test name="Default test" duration-ms="216" started-at="2016-10-03T08:14:06Z" finished-at="2016-10-03T08:14:06Z">
      <class name="org.testng.BigIntegerTest">
        <test-method status="PASS" signature="testAdditionTwoNegativeValue()[pri:0, instance:org.testng.BigIntegerTest@153f5a29]" name="testAdditionTwoNegativeValue" duration-ms="31" started-at="2016-10-03T15:14:06Z" finished-at="2016-10-03T15:14:06Z">
          <reporter-output>
          </reporter-output>
        </test-method> <!-- testAdditionTwoNegativeValue -->
        <test-method status="PASS" signature="testAdditionWithGreaterIsNegativeValue()[pri:0, instance:org.testng.BigIntegerTest@153f5a29]" name="testAdditionWithGreaterIsNegativeValue" duration-ms="4" started-at="2016-10-03T15:14:06Z" finished-at="2016-10-03T15:14:06Z">
          <reporter-output>
          </reporter-output>
        </test-method> <!-- testAdditionWithGreaterIsNegativeValue -->
        <test-method status="PASS" signature="testAdditionWithSmallerIsNegativeValue()[pri:0, instance:org.testng.BigIntegerTest@153f5a29]" name="testAdditionWithSmallerIsNegativeValue" duration-ms="0" started-at="2016-10-03T15:14:06Z" finished-at="2016-10-03T15:14:06Z">
          <reporter-output>
          </reporter-output>
        </test-method> <!-- testAdditionWithSmallerIsNegativeValue -->
        <test-method status="PASS" signature="testCloneNegativeValue()[pri:0, instance:org.testng.BigIntegerTest@153f5a29]" name="testCloneNegativeValue" duration-ms="15" started-at="2016-10-03T15:14:06Z" finished-at="2016-10-03T15:14:06Z">
          <reporter-output>
          </reporter-output>
        </test-method> <!-- testCloneNegativeValue -->
        <test-method status="PASS" signature="testConvertToLongWhenNotOverRange()[pri:0, instance:org.testng.BigIntegerTest@153f5a29]" name="testConvertToLongWhenNotOverRange" duration-ms="16" started-at="2016-10-03T15:14:06Z" finished-at="2016-10-03T15:14:06Z">
          <reporter-output>
          </reporter-output>
        </test-method> <!-- testConvertToLongWhenNotOverRange -->
        <test-method status="PASS" signature="testCompareNegativeValue()[pri:0, instance:org.testng.BigIntegerTest@153f5a29]" name="testCompareNegativeValue" duration-ms="0" started-at="2016-10-03T15:14:06Z" finished-at="2016-10-03T15:14:06Z">
          <reporter-output>
          </reporter-output>
        </test-method> <!-- testCompareNegativeValue -->
        <test-method status="PASS" signature="testCreateNegativeBigIntegerFromInt()[pri:0, instance:org.testng.BigIntegerTest@153f5a29]" name="testCreateNegativeBigIntegerFromInt" duration-ms="0" started-at="2016-10-03T15:14:06Z" finished-at="2016-10-03T15:14:06Z">
          <reporter-output>
          </reporter-output>
        </test-method> <!-- testCreateNegativeBigIntegerFromInt -->
        <test-method status="PASS" signature="testCreateNegativeBigIntegerFromStringWithLeadingZero()[pri:0, instance:org.testng.BigIntegerTest@153f5a29]" name="testCreateNegativeBigIntegerFromStringWithLeadingZero" duration-ms="0" started-at="2016-10-03T15:14:06Z" finished-at="2016-10-03T15:14:06Z">
          <reporter-output>
          </reporter-output>
        </test-method> <!-- testCreateNegativeBigIntegerFromStringWithLeadingZero -->
        <test-method status="PASS" signature="testCreateNegativeBigIntegerFromStringWithAllButUnitZeros()[pri:0, instance:org.testng.BigIntegerTest@153f5a29]" name="testCreateNegativeBigIntegerFromStringWithAllButUnitZeros" duration-ms="0" started-at="2016-10-03T15:14:06Z" finished-at="2016-10-03T15:14:06Z">
          <reporter-output>
          </reporter-output>
        </test-method> <!-- testCreateNegativeBigIntegerFromStringWithAllButUnitZeros -->
        <test-method status="PASS" signature="testEquality()[pri:0, instance:org.testng.BigIntegerTest@153f5a29]" name="testEquality" duration-ms="0" started-at="2016-10-03T15:14:06Z" finished-at="2016-10-03T15:14:06Z">
          <reporter-output>
          </reporter-output>
        </test-method> <!-- testEquality -->
        <test-method status="PASS" signature="testSubtractionTwoNegativeValue()[pri:0, instance:org.testng.BigIntegerTest@153f5a29]" name="testSubtractionTwoNegativeValue" duration-ms="0" started-at="2016-10-03T15:14:06Z" finished-at="2016-10-03T15:14:06Z">
          <reporter-output>
          </reporter-output>
        </test-method> <!-- testSubtractionTwoNegativeValue -->
        <test-method status="PASS" signature="testSubtractionWithGreaterIsNegativeValue()[pri:0, instance:org.testng.BigIntegerTest@153f5a29]" name="testSubtractionWithGreaterIsNegativeValue" duration-ms="2" started-at="2016-10-03T15:14:06Z" finished-at="2016-10-03T15:14:06Z">
          <reporter-output>
          </reporter-output>
        </test-method> <!-- testSubtractionWithGreaterIsNegativeValue -->
        <test-method status="PASS" signature="testSubtractionWithSmallerIsNegativeValue()[pri:0, instance:org.testng.BigIntegerTest@153f5a29]" name="testSubtractionWithSmallerIsNegativeValue" duration-ms="0" started-at="2016-10-03T15:14:06Z" finished-at="2016-10-03T15:14:06Z">
          <reporter-output>
          </reporter-output>
        </test-method> <!-- testSubtractionWithSmallerIsNegativeValue -->
        <test-method status="PASS" signature="testUnEquality()[pri:0, instance:org.testng.BigIntegerTest@153f5a29]" name="testUnEquality" duration-ms="16" started-at="2016-10-03T15:14:06Z" finished-at="2016-10-03T15:14:06Z">
          <reporter-output>
          </reporter-output>
        </test-method> <!-- testUnEquality -->
      </class> <!-- org.testng.BigIntegerTest -->
    </test> <!-- Default test -->
  </suite> <!-- Default suite -->
</testng-results>
