{"/Users/TooNies1810/Documents/int3117-ktclpm/int3117-2016/NguyenTienMinh/BT2/test.js":{"path":"/Users/TooNies1810/Documents/int3117-ktclpm/int3117-2016/NguyenTienMinh/BT2/test.js","s":{"1":1,"2":1,"3":1,"4":1,"5":1,"6":1,"7":1,"8":1,"9":1,"10":1,"11":1,"12":1,"13":1,"14":1},"b":{},"f":{"1":1,"2":1,"3":1,"4":1,"5":1,"6":1},"fnMap":{"1":{"name":"(anonymous_1)","line":44,"loc":{"start":{"line":44,"column":17},"end":{"line":44,"column":29}}},"2":{"name":"(anonymous_2)","line":54,"loc":{"start":{"line":54,"column":25},"end":{"line":54,"column":37}}},"3":{"name":"(anonymous_3)","line":57,"loc":{"start":{"line":57,"column":25},"end":{"line":57,"column":37}}},"4":{"name":"(anonymous_4)","line":60,"loc":{"start":{"line":60,"column":25},"end":{"line":60,"column":37}}},"5":{"name":"(anonymous_5)","line":63,"loc":{"start":{"line":63,"column":25},"end":{"line":63,"column":37}}},"6":{"name":"(anonymous_6)","line":66,"loc":{"start":{"line":66,"column":25},"end":{"line":66,"column":37}}}},"statementMap":{"1":{"start":{"line":3,"column":0},"end":{"line":3,"column":57}},"2":{"start":{"line":4,"column":0},"end":{"line":4,"column":33}},"3":{"start":{"line":6,"column":0},"end":{"line":6,"column":44}},"4":{"start":{"line":44,"column":0},"end":{"line":69,"column":3}},"5":{"start":{"line":54,"column":4},"end":{"line":56,"column":7}},"6":{"start":{"line":55,"column":8},"end":{"line":55,"column":52}},"7":{"start":{"line":57,"column":4},"end":{"line":59,"column":7}},"8":{"start":{"line":58,"column":8},"end":{"line":58,"column":52}},"9":{"start":{"line":60,"column":4},"end":{"line":62,"column":7}},"10":{"start":{"line":61,"column":8},"end":{"line":61,"column":52}},"11":{"start":{"line":63,"column":4},"end":{"line":65,"column":7}},"12":{"start":{"line":64,"column":8},"end":{"line":64,"column":52}},"13":{"start":{"line":66,"column":4},"end":{"line":68,"column":7}},"14":{"start":{"line":67,"column":8},"end":{"line":67,"column":52}}},"branchMap":{}},"/Users/TooNies1810/Documents/int3117-ktclpm/int3117-2016/NguyenTienMinh/BT2/my-number-validate.js":{"path":"/Users/TooNies1810/Documents/int3117-ktclpm/int3117-2016/NguyenTienMinh/BT2/my-number-validate.js","s":{"1":1,"2":5,"3":5,"4":5,"5":5,"6":2,"7":3},"b":{"1":[2,3],"2":[5,2,4]},"f":{"1":1,"2":5},"fnMap":{"1":{"name":"(anonymous_1)","line":4,"loc":{"start":{"line":4,"column":15},"end":{"line":4,"column":18}}},"2":{"name":"(anonymous_2)","line":11,"loc":{"start":{"line":11,"column":12},"end":{"line":11,"column":26}}}},"statementMap":{"1":{"start":{"line":3,"column":0},"end":{"line":22,"column":2}},"2":{"start":{"line":12,"column":8},"end":{"line":12,"column":48}},"3":{"start":{"line":13,"column":8},"end":{"line":13,"column":48}},"4":{"start":{"line":14,"column":8},"end":{"line":14,"column":48}},"5":{"start":{"line":16,"column":8},"end":{"line":18,"column":9}},"6":{"start":{"line":17,"column":12},"end":{"line":17,"column":35}},"7":{"start":{"line":20,"column":8},"end":{"line":20,"column":31}}},"branchMap":{"1":{"line":16,"type":"if","locations":[{"start":{"line":16,"column":8},"end":{"line":16,"column":8}},{"start":{"line":16,"column":8},"end":{"line":16,"column":8}}]},"2":{"line":16,"type":"binary-expr","locations":[{"start":{"line":16,"column":13},"end":{"line":16,"column":23}},{"start":{"line":16,"column":27},"end":{"line":16,"column":37}},{"start":{"line":16,"column":42},"end":{"line":16,"column":52}}]}}}}