{"/Users/TooNies1810/Documents/int3117-ktclpm/int3117-2016/NguyenTienMinh/BT2/test.js":{"path":"/Users/TooNies1810/Documents/int3117-ktclpm/int3117-2016/NguyenTienMinh/BT2/test.js","s":{"1":1,"2":1,"3":1,"4":1,"5":1,"6":1},"b":{},"f":{"1":1,"2":1},"fnMap":{"1":{"name":"(anonymous_1)","line":8,"loc":{"start":{"line":8,"column":28},"end":{"line":8,"column":40}}},"2":{"name":"(anonymous_2)","line":9,"loc":{"start":{"line":9,"column":23},"end":{"line":9,"column":35}}}},"statementMap":{"1":{"start":{"line":3,"column":0},"end":{"line":3,"column":57}},"2":{"start":{"line":4,"column":0},"end":{"line":4,"column":33}},"3":{"start":{"line":6,"column":0},"end":{"line":6,"column":44}},"4":{"start":{"line":8,"column":0},"end":{"line":12,"column":3}},"5":{"start":{"line":9,"column":4},"end":{"line":11,"column":7}},"6":{"start":{"line":10,"column":8},"end":{"line":10,"column":54}}},"branchMap":{}},"/Users/TooNies1810/Documents/int3117-ktclpm/int3117-2016/NguyenTienMinh/BT2/my-number-validate.js":{"path":"/Users/TooNies1810/Documents/int3117-ktclpm/int3117-2016/NguyenTienMinh/BT2/my-number-validate.js","s":{"1":1,"2":1,"3":1,"4":1,"5":1,"6":1,"7":0},"b":{"1":[1,0],"2":[1,1,0]},"f":{"1":1,"2":1},"fnMap":{"1":{"name":"(anonymous_1)","line":4,"loc":{"start":{"line":4,"column":15},"end":{"line":4,"column":18}}},"2":{"name":"(anonymous_2)","line":11,"loc":{"start":{"line":11,"column":12},"end":{"line":11,"column":26}}}},"statementMap":{"1":{"start":{"line":3,"column":0},"end":{"line":22,"column":2}},"2":{"start":{"line":12,"column":8},"end":{"line":12,"column":48}},"3":{"start":{"line":13,"column":8},"end":{"line":13,"column":48}},"4":{"start":{"line":14,"column":8},"end":{"line":14,"column":48}},"5":{"start":{"line":16,"column":8},"end":{"line":18,"column":9}},"6":{"start":{"line":17,"column":12},"end":{"line":17,"column":35}},"7":{"start":{"line":20,"column":8},"end":{"line":20,"column":31}}},"branchMap":{"1":{"line":16,"type":"if","locations":[{"start":{"line":16,"column":8},"end":{"line":16,"column":8}},{"start":{"line":16,"column":8},"end":{"line":16,"column":8}}]},"2":{"line":16,"type":"binary-expr","locations":[{"start":{"line":16,"column":13},"end":{"line":16,"column":23}},{"start":{"line":16,"column":27},"end":{"line":16,"column":37}},{"start":{"line":16,"column":42},"end":{"line":16,"column":52}}]}}}}