TN:
SF:/Users/TooNies1810/Documents/int3117-ktclpm/int3117-2016/NguyenTienMinh/BT2/test.js
FN:44,(anonymous_1)
FN:54,(anonymous_2)
FN:57,(anonymous_3)
FN:60,(anonymous_4)
FN:63,(anonymous_5)
FN:66,(anonymous_6)
FNF:6
FNH:6
FNDA:1,(anonymous_1)
FNDA:1,(anonymous_2)
FNDA:1,(anonymous_3)
FNDA:1,(anonymous_4)
FNDA:1,(anonymous_5)
FNDA:1,(anonymous_6)
DA:3,1
DA:4,1
DA:6,1
DA:44,1
DA:54,1
DA:55,1
DA:57,1
DA:58,1
DA:60,1
DA:61,1
DA:63,1
DA:64,1
DA:66,1
DA:67,1
LF:14
LH:14
BRF:0
BRH:0
end_of_record
TN:
SF:/Users/TooNies1810/Documents/int3117-ktclpm/int3117-2016/NguyenTienMinh/BT2/my-number-validate.js
FN:4,(anonymous_1)
FN:11,(anonymous_2)
FNF:2
FNH:2
FNDA:1,(anonymous_1)
FNDA:5,(anonymous_2)
DA:3,1
DA:12,5
DA:13,5
DA:14,5
DA:16,5
DA:17,2
DA:20,3
LF:7
LH:7
BRDA:16,1,0,2
BRDA:16,1,1,3
BRDA:16,2,0,5
BRDA:16,2,1,2
BRDA:16,2,2,4
BRF:5
BRH:5
end_of_record
