TN:
SF:/Users/TooNies1810/Documents/int3117-ktclpm/int3117-2016/NguyenTienMinh/BT2/test.js
FN:8,(anonymous_1)
FN:9,(anonymous_2)
FNF:2
FNH:2
FNDA:1,(anonymous_1)
FNDA:1,(anonymous_2)
DA:3,1
DA:4,1
DA:6,1
DA:8,1
DA:9,1
DA:10,1
LF:6
LH:6
BRF:0
BRH:0
end_of_record
TN:
SF:/Users/TooNies1810/Documents/int3117-ktclpm/int3117-2016/NguyenTienMinh/BT2/my-number-validate.js
FN:4,(anonymous_1)
FN:11,(anonymous_2)
FNF:2
FNH:2
FNDA:1,(anonymous_1)
FNDA:1,(anonymous_2)
DA:3,1
DA:12,1
DA:13,1
DA:14,1
DA:16,1
DA:17,1
DA:20,0
LF:7
LH:6
BRDA:16,1,0,1
BRDA:16,1,1,0
BRDA:16,2,0,1
BRDA:16,2,1,1
BRDA:16,2,2,0
BRF:5
BRH:3
end_of_record
