{"/home/trieudh/Desktop/int3117-2016/DangHaiTrieu/BT3/app.js":{"path":"/home/trieudh/Desktop/int3117-2016/DangHaiTrieu/BT3/app.js","s":{"1":1,"2":1,"3":2,"4":2,"5":1,"6":1,"7":1,"8":1,"9":1,"10":1},"b":{"1":[2,1],"2":[2,2],"3":[1,1],"4":[2,2,0,2],"5":[1,0]},"f":{},"fnMap":{},"statementMap":{"1":{"start":{"line":3,"column":0},"end":{"line":6,"column":2}},"2":{"start":{"line":8,"column":0},"end":{"line":29,"column":2}},"3":{"start":{"line":10,"column":8},"end":{"line":14,"column":84}},"4":{"start":{"line":16,"column":8},"end":{"line":27,"column":9}},"5":{"start":{"line":17,"column":12},"end":{"line":22,"column":13}},"6":{"start":{"line":18,"column":16},"end":{"line":18,"column":50}},"7":{"start":{"line":19,"column":16},"end":{"line":21,"column":17}},"8":{"start":{"line":20,"column":20},"end":{"line":20,"column":58}},"9":{"start":{"line":23,"column":12},"end":{"line":23,"column":36}},"10":{"start":{"line":26,"column":12},"end":{"line":26,"column":36}}},"branchMap":{"1":{"line":13,"type":"binary-expr","locations":[{"start":{"line":13,"column":31},"end":{"line":13,"column":52}},{"start":{"line":13,"column":57},"end":{"line":13,"column":74}}]},"2":{"line":14,"type":"binary-expr","locations":[{"start":{"line":14,"column":32},"end":{"line":14,"column":48}},{"start":{"line":14,"column":54},"end":{"line":14,"column":81}}]},"3":{"line":16,"type":"if","locations":[{"start":{"line":16,"column":8},"end":{"line":16,"column":8}},{"start":{"line":16,"column":8},"end":{"line":16,"column":8}}]},"4":{"line":16,"type":"binary-expr","locations":[{"start":{"line":16,"column":14},"end":{"line":16,"column":28}},{"start":{"line":16,"column":32},"end":{"line":16,"column":47}},{"start":{"line":16,"column":52},"end":{"line":16,"column":67}},{"start":{"line":16,"column":72},"end":{"line":16,"column":86}}]},"5":{"line":19,"type":"if","locations":[{"start":{"line":19,"column":16},"end":{"line":19,"column":16}},{"start":{"line":19,"column":16},"end":{"line":19,"column":16}}]}}},"/home/trieudh/Desktop/int3117-2016/DangHaiTrieu/BT3/bridge.js":{"path":"/home/trieudh/Desktop/int3117-2016/DangHaiTrieu/BT3/bridge.js","s":{"1":1,"2":2,"3":2,"4":1,"5":2},"b":{},"f":{"1":2,"2":2},"fnMap":{"1":{"name":"Bridge","line":2,"loc":{"start":{"line":2,"column":0},"end":{"line":2,"column":37}}},"2":{"name":"(anonymous_2)","line":7,"loc":{"start":{"line":7,"column":17},"end":{"line":7,"column":48}}}},"statementMap":{"1":{"start":{"line":2,"column":0},"end":{"line":5,"column":1}},"2":{"start":{"line":3,"column":4},"end":{"line":3,"column":31}},"3":{"start":{"line":4,"column":4},"end":{"line":4,"column":29}},"4":{"start":{"line":7,"column":0},"end":{"line":9,"column":2}},"5":{"start":{"line":8,"column":4},"end":{"line":8,"column":43}}},"branchMap":{}}}