TN:
SF:/home/trieudh/Desktop/int3117-2016/DangHaiTrieu/BT3/app.js
FNF:0
FNH:0
DA:3,1
DA:8,1
DA:10,2
DA:16,2
DA:17,1
DA:18,1
DA:19,1
DA:20,1
DA:23,1
DA:26,1
LF:10
LH:10
BRDA:13,1,0,2
BRDA:13,1,1,1
BRDA:14,2,0,2
BRDA:14,2,1,2
BRDA:16,3,0,1
BRDA:16,3,1,1
BRDA:16,4,0,2
BRDA:16,4,1,2
BRDA:16,4,2,0
BRDA:16,4,3,2
BRDA:19,5,0,1
BRDA:19,5,1,0
BRF:12
BRH:10
end_of_record
TN:
SF:/home/trieudh/Desktop/int3117-2016/DangHaiTrieu/BT3/bridge.js
FN:2,Bridge
FN:7,(anonymous_2)
FNF:2
FNH:2
FNDA:2,Bridge
FNDA:2,(anonymous_2)
DA:2,1
DA:3,2
DA:4,2
DA:7,1
DA:8,2
LF:5
LH:5
BRF:0
BRH:0
end_of_record
