{"/home/max/dev/edoo/int3117-2016/TranVanTu/BT2/test.js":{"path":"/home/max/dev/edoo/int3117-2016/TranVanTu/BT2/test.js","s":{"1":1,"2":1,"3":1,"4":1,"5":1,"6":1,"7":15,"8":15,"9":15},"b":{},"f":{"1":1,"2":1,"3":15,"4":15},"fnMap":{"1":{"name":"(anonymous_1)","line":4,"loc":{"start":{"line":4,"column":17},"end":{"line":4,"column":29}}},"2":{"name":"(anonymous_2)","line":5,"loc":{"start":{"line":5,"column":33},"end":{"line":5,"column":45}}},"3":{"name":"(anonymous_3)","line":24,"loc":{"start":{"line":24,"column":22},"end":{"line":24,"column":37}}},"4":{"name":"(anonymous_4)","line":25,"loc":{"start":{"line":25,"column":70},"end":{"line":25,"column":81}}}},"statementMap":{"1":{"start":{"line":1,"column":0},"end":{"line":1,"column":31}},"2":{"start":{"line":2,"column":0},"end":{"line":2,"column":29}},"3":{"start":{"line":4,"column":0},"end":{"line":31,"column":3}},"4":{"start":{"line":5,"column":4},"end":{"line":30,"column":7}},"5":{"start":{"line":6,"column":8},"end":{"line":22,"column":10}},"6":{"start":{"line":24,"column":8},"end":{"line":29,"column":11}},"7":{"start":{"line":25,"column":12},"end":{"line":28,"column":15}},"8":{"start":{"line":26,"column":16},"end":{"line":26,"column":58}},"9":{"start":{"line":27,"column":16},"end":{"line":27,"column":49}}},"branchMap":{}},"/home/max/dev/edoo/int3117-2016/TranVanTu/BT2/hack.js":{"path":"/home/max/dev/edoo/int3117-2016/TranVanTu/BT2/hack.js","s":{"1":1,"2":1,"3":1,"4":15,"5":1,"6":14,"7":3,"8":11,"9":11,"10":11,"11":21,"12":4,"13":17,"14":6,"15":11,"16":1},"b":{"1":[1,14],"2":[3,11],"3":[4,17],"4":[6,11]},"f":{"1":1,"2":15},"fnMap":{"1":{"name":"(anonymous_1)","line":1,"loc":{"start":{"line":1,"column":18},"end":{"line":1,"column":30}}},"2":{"name":"is_prime_number","line":6,"loc":{"start":{"line":6,"column":4},"end":{"line":6,"column":37}}}},"statementMap":{"1":{"start":{"line":1,"column":0},"end":{"line":31,"column":5}},"2":{"start":{"line":2,"column":4},"end":{"line":4,"column":6}},"3":{"start":{"line":6,"column":4},"end":{"line":30,"column":5}},"4":{"start":{"line":7,"column":8},"end":{"line":9,"column":9}},"5":{"start":{"line":8,"column":12},"end":{"line":8,"column":25}},"6":{"start":{"line":11,"column":8},"end":{"line":13,"column":9}},"7":{"start":{"line":12,"column":12},"end":{"line":12,"column":25}},"8":{"start":{"line":15,"column":8},"end":{"line":15,"column":37}},"9":{"start":{"line":17,"column":8},"end":{"line":17,"column":18}},"10":{"start":{"line":18,"column":8},"end":{"line":27,"column":9}},"11":{"start":{"line":19,"column":12},"end":{"line":21,"column":13}},"12":{"start":{"line":20,"column":16},"end":{"line":20,"column":28}},"13":{"start":{"line":23,"column":12},"end":{"line":25,"column":13}},"14":{"start":{"line":24,"column":16},"end":{"line":24,"column":29}},"15":{"start":{"line":26,"column":12},"end":{"line":26,"column":16}},"16":{"start":{"line":29,"column":8},"end":{"line":29,"column":20}}},"branchMap":{"1":{"line":7,"type":"if","locations":[{"start":{"line":7,"column":8},"end":{"line":7,"column":8}},{"start":{"line":7,"column":8},"end":{"line":7,"column":8}}]},"2":{"line":11,"type":"if","locations":[{"start":{"line":11,"column":8},"end":{"line":11,"column":8}},{"start":{"line":11,"column":8},"end":{"line":11,"column":8}}]},"3":{"line":19,"type":"if","locations":[{"start":{"line":19,"column":12},"end":{"line":19,"column":12}},{"start":{"line":19,"column":12},"end":{"line":19,"column":12}}]},"4":{"line":23,"type":"if","locations":[{"start":{"line":23,"column":12},"end":{"line":23,"column":12}},{"start":{"line":23,"column":12},"end":{"line":23,"column":12}}]}}}}