TN:
SF:/home/max/dev/edoo/int3117-2016/TranVanTu/BT2/test.js
FN:4,(anonymous_1)
FN:5,(anonymous_2)
FN:24,(anonymous_3)
FN:25,(anonymous_4)
FNF:4
FNH:4
FNDA:1,(anonymous_1)
FNDA:1,(anonymous_2)
FNDA:15,(anonymous_3)
FNDA:15,(anonymous_4)
DA:1,1
DA:2,1
DA:4,1
DA:5,1
DA:6,1
DA:24,1
DA:25,15
DA:26,15
DA:27,15
LF:9
LH:9
BRF:0
BRH:0
end_of_record
TN:
SF:/home/max/dev/edoo/int3117-2016/TranVanTu/BT2/hack.js
FN:1,(anonymous_1)
FN:6,is_prime_number
FNF:2
FNH:2
FNDA:1,(anonymous_1)
FNDA:15,is_prime_number
DA:1,1
DA:2,1
DA:6,1
DA:7,15
DA:8,1
DA:11,14
DA:12,3
DA:15,11
DA:17,11
DA:18,11
DA:19,21
DA:20,4
DA:23,17
DA:24,6
DA:26,11
DA:29,1
LF:16
LH:16
BRDA:7,1,0,1
BRDA:7,1,1,14
BRDA:11,2,0,3
BRDA:11,2,1,11
BRDA:19,3,0,4
BRDA:19,3,1,17
BRDA:23,4,0,6
BRDA:23,4,1,11
BRF:8
BRH:8
end_of_record
