<?xml version="1.0" encoding="UTF-8"?>
<testng-results skipped="0" failed="0" total="7" passed="7">
  <reporter-output>
  </reporter-output>
  <suite name="Default suite" duration-ms="97" started-at="2016-11-02T11:48:28Z" finished-at="2016-11-02T11:48:28Z">
    <groups>
    </groups>
    <test name="Default test" duration-ms="97" started-at="2016-11-02T11:48:28Z" finished-at="2016-11-02T11:48:28Z">
      <class name="testcode.TestPassword">
        <test-method status="PASS" signature="testLongPassword()[pri:0, instance:testcode.TestPassword@196c67a]" name="testLongPassword" duration-ms="18" started-at="2016-11-02T18:48:28Z" finished-at="2016-11-02T18:48:28Z">
          <reporter-output>
          </reporter-output>
        </test-method> <!-- testLongPassword -->
        <test-method status="PASS" signature="testNormalPassword()[pri:0, instance:testcode.TestPassword@196c67a]" name="testNormalPassword" duration-ms="3" started-at="2016-11-02T18:48:28Z" finished-at="2016-11-02T18:48:28Z">
          <reporter-output>
          </reporter-output>
        </test-method> <!-- testNormalPassword -->
        <test-method status="PASS" signature="testNormalPassword1()[pri:0, instance:testcode.TestPassword@196c67a]" name="testNormalPassword1" duration-ms="3" started-at="2016-11-02T18:48:28Z" finished-at="2016-11-02T18:48:28Z">
          <reporter-output>
          </reporter-output>
        </test-method> <!-- testNormalPassword1 -->
        <test-method status="PASS" signature="testNormalPassword2()[pri:0, instance:testcode.TestPassword@196c67a]" name="testNormalPassword2" duration-ms="3" started-at="2016-11-02T18:48:28Z" finished-at="2016-11-02T18:48:28Z">
          <reporter-output>
          </reporter-output>
        </test-method> <!-- testNormalPassword2 -->
        <test-method status="PASS" signature="testNormalPassword3()[pri:0, instance:testcode.TestPassword@196c67a]" name="testNormalPassword3" duration-ms="3" started-at="2016-11-02T18:48:28Z" finished-at="2016-11-02T18:48:28Z">
          <reporter-output>
          </reporter-output>
        </test-method> <!-- testNormalPassword3 -->
        <test-method status="PASS" signature="testShortPassword()[pri:0, instance:testcode.TestPassword@196c67a]" name="testShortPassword" duration-ms="9" started-at="2016-11-02T18:48:28Z" finished-at="2016-11-02T18:48:28Z">
          <reporter-output>
          </reporter-output>
        </test-method> <!-- testShortPassword -->
        <test-method status="PASS" signature="testSpecialPassword()[pri:0, instance:testcode.TestPassword@196c67a]" name="testSpecialPassword" duration-ms="3" started-at="2016-11-02T18:48:28Z" finished-at="2016-11-02T18:48:28Z">
          <reporter-output>
          </reporter-output>
        </test-method> <!-- testSpecialPassword -->
      </class> <!-- testcode.TestPassword -->
    </test> <!-- Default test -->
  </suite> <!-- Default suite -->
</testng-results>
