{"/home/max/dev/edoo/int3117-2016/TranVanTu/BT3/test.js":{"path":"/home/max/dev/edoo/int3117-2016/TranVanTu/BT3/test.js","s":{"1":1,"2":1,"3":1,"4":1,"5":1,"6":1,"7":22,"8":22,"9":22},"b":{},"f":{"1":1,"2":1,"3":22,"4":22},"fnMap":{"1":{"name":"(anonymous_1)","line":4,"loc":{"start":{"line":4,"column":17},"end":{"line":4,"column":29}}},"2":{"name":"(anonymous_2)","line":5,"loc":{"start":{"line":5,"column":33},"end":{"line":5,"column":45}}},"3":{"name":"(anonymous_3)","line":31,"loc":{"start":{"line":31,"column":22},"end":{"line":31,"column":37}}},"4":{"name":"(anonymous_4)","line":32,"loc":{"start":{"line":32,"column":70},"end":{"line":32,"column":81}}}},"statementMap":{"1":{"start":{"line":1,"column":0},"end":{"line":1,"column":31}},"2":{"start":{"line":2,"column":0},"end":{"line":2,"column":29}},"3":{"start":{"line":4,"column":0},"end":{"line":38,"column":3}},"4":{"start":{"line":5,"column":4},"end":{"line":37,"column":7}},"5":{"start":{"line":6,"column":8},"end":{"line":29,"column":10}},"6":{"start":{"line":31,"column":8},"end":{"line":36,"column":11}},"7":{"start":{"line":32,"column":12},"end":{"line":35,"column":15}},"8":{"start":{"line":33,"column":16},"end":{"line":33,"column":58}},"9":{"start":{"line":34,"column":16},"end":{"line":34,"column":49}}},"branchMap":{}},"/home/max/dev/edoo/int3117-2016/TranVanTu/BT3/hack.js":{"path":"/home/max/dev/edoo/int3117-2016/TranVanTu/BT3/hack.js","s":{"1":1,"2":1,"3":1,"4":22,"5":1,"6":21,"7":5,"8":16,"9":16,"10":34,"11":4,"12":30,"13":9,"14":3},"b":{"1":[1,21],"2":[5,16],"3":[4,30],"4":[9,21]},"f":{"1":1,"2":22},"fnMap":{"1":{"name":"(anonymous_1)","line":1,"loc":{"start":{"line":1,"column":18},"end":{"line":1,"column":30}}},"2":{"name":"is_prime_number","line":6,"loc":{"start":{"line":6,"column":4},"end":{"line":6,"column":37}}}},"statementMap":{"1":{"start":{"line":1,"column":0},"end":{"line":29,"column":5}},"2":{"start":{"line":2,"column":4},"end":{"line":4,"column":6}},"3":{"start":{"line":6,"column":4},"end":{"line":28,"column":5}},"4":{"start":{"line":7,"column":8},"end":{"line":9,"column":9}},"5":{"start":{"line":8,"column":12},"end":{"line":8,"column":25}},"6":{"start":{"line":11,"column":8},"end":{"line":13,"column":9}},"7":{"start":{"line":12,"column":12},"end":{"line":12,"column":25}},"8":{"start":{"line":15,"column":8},"end":{"line":15,"column":37}},"9":{"start":{"line":17,"column":8},"end":{"line":25,"column":9}},"10":{"start":{"line":18,"column":12},"end":{"line":20,"column":13}},"11":{"start":{"line":19,"column":16},"end":{"line":19,"column":28}},"12":{"start":{"line":22,"column":12},"end":{"line":24,"column":13}},"13":{"start":{"line":23,"column":16},"end":{"line":23,"column":29}},"14":{"start":{"line":27,"column":8},"end":{"line":27,"column":20}}},"branchMap":{"1":{"line":7,"type":"if","locations":[{"start":{"line":7,"column":8},"end":{"line":7,"column":8}},{"start":{"line":7,"column":8},"end":{"line":7,"column":8}}]},"2":{"line":11,"type":"if","locations":[{"start":{"line":11,"column":8},"end":{"line":11,"column":8}},{"start":{"line":11,"column":8},"end":{"line":11,"column":8}}]},"3":{"line":18,"type":"if","locations":[{"start":{"line":18,"column":12},"end":{"line":18,"column":12}},{"start":{"line":18,"column":12},"end":{"line":18,"column":12}}]},"4":{"line":22,"type":"if","locations":[{"start":{"line":22,"column":12},"end":{"line":22,"column":12}},{"start":{"line":22,"column":12},"end":{"line":22,"column":12}}]}}}}