TN:
SF:/home/max/dev/edoo/int3117-2016/TranVanTu/BT3/test.js
FN:4,(anonymous_1)
FN:5,(anonymous_2)
FN:31,(anonymous_3)
FN:32,(anonymous_4)
FNF:4
FNH:4
FNDA:1,(anonymous_1)
FNDA:1,(anonymous_2)
FNDA:22,(anonymous_3)
FNDA:22,(anonymous_4)
DA:1,1
DA:2,1
DA:4,1
DA:5,1
DA:6,1
DA:31,1
DA:32,22
DA:33,22
DA:34,22
LF:9
LH:9
BRF:0
BRH:0
end_of_record
TN:
SF:/home/max/dev/edoo/int3117-2016/TranVanTu/BT3/hack.js
FN:1,(anonymous_1)
FN:6,is_prime_number
FNF:2
FNH:2
FNDA:1,(anonymous_1)
FNDA:22,is_prime_number
DA:1,1
DA:2,1
DA:6,1
DA:7,22
DA:8,1
DA:11,21
DA:12,5
DA:15,16
DA:17,16
DA:18,34
DA:19,4
DA:22,30
DA:23,9
DA:27,3
LF:14
LH:14
BRDA:7,1,0,1
BRDA:7,1,1,21
BRDA:11,2,0,5
BRDA:11,2,1,16
BRDA:18,3,0,4
BRDA:18,3,1,30
BRDA:22,4,0,9
BRDA:22,4,1,21
BRF:8
BRH:8
end_of_record
