{"/home/trieudh/Desktop/int3117-2016/DangHaiTrieu/BT1/app.js":{"path":"/home/trieudh/Desktop/int3117-2016/DangHaiTrieu/BT1/app.js","s":{"1":1,"2":5,"3":5,"4":1,"5":4,"6":1,"7":3,"8":3030,"9":3030,"10":3030,"11":3},"b":{"1":[1,4],"2":[1,3]},"f":{},"fnMap":{},"statementMap":{"1":{"start":{"line":3,"column":0},"end":{"line":27,"column":2}},"2":{"start":{"line":11,"column":8},"end":{"line":13,"column":14}},"3":{"start":{"line":14,"column":8},"end":{"line":19,"column":9}},"4":{"start":{"line":15,"column":12},"end":{"line":15,"column":41}},"5":{"start":{"line":17,"column":13},"end":{"line":19,"column":9}},"6":{"start":{"line":18,"column":12},"end":{"line":18,"column":21}},"7":{"start":{"line":20,"column":8},"end":{"line":24,"column":9}},"8":{"start":{"line":21,"column":12},"end":{"line":21,"column":22}},"9":{"start":{"line":22,"column":12},"end":{"line":22,"column":18}},"10":{"start":{"line":23,"column":12},"end":{"line":23,"column":18}},"11":{"start":{"line":25,"column":8},"end":{"line":25,"column":17}}},"branchMap":{"1":{"line":14,"type":"if","locations":[{"start":{"line":14,"column":8},"end":{"line":14,"column":8}},{"start":{"line":14,"column":8},"end":{"line":14,"column":8}}]},"2":{"line":17,"type":"if","locations":[{"start":{"line":17,"column":13},"end":{"line":17,"column":13}},{"start":{"line":17,"column":13},"end":{"line":17,"column":13}}]}}}}